# JRE version: OpenJDK Runtime Environment (17.0.10) (build 17.0.10+0--11609105)
# Java VM: OpenJDK 64-Bit Server VM (17.0.10+0--11609105, mixed mode, tiered, compressed oops, compressed class ptrs, g1 gc, windows-amd64)
GC Precious Log:
 CPUs: 16 total, 16 available
 Memory: 16077M
 Large Page Support: Disabled
 NUMA Support: Disabled
 Compressed Oops: Enabled (Zero based)
 Heap Region Size: 2M
 Heap Min Capacity: 8M
 Heap Initial Capacity: 252M
 Heap Max Capacity: 4G
 Pre-touch: Disabled
 Parallel Workers: 13
 Concurrent Workers: 3
 Concurrent Refinement Workers: 13
 Periodic GC: Disabled
Heap:
 garbage-first heap   total 892928K, used 610716K [0x0000000700000000, 0x0000000800000000)
  region size 2048K, 3 young (6144K), 3 survivors (6144K)
 Metaspace       used 172431K, committed 173440K, reserved 1245184K
  class space    used 22443K, committed 22912K, reserved 1048576K
GC Heap History (20 events):
Event: 3357.293 GC heap after
{Heap after GC invocations=63 (full 0):
 garbage-first heap   total 892928K, used 413449K [0x0000000700000000, 0x0000000800000000)
  region size 2048K, 24 young (49152K), 24 survivors (49152K)
 Metaspace       used 157578K, committed 158464K, reserved 1245184K
  class space    used 20689K, committed 21120K, reserved 1048576K
}
Event: 3358.474 GC heap before
{Heap before GC invocations=63 (full 0):
 garbage-first heap   total 892928K, used 675593K [0x0000000700000000, 0x0000000800000000)
  region size 2048K, 152 young (311296K), 24 survivors (49152K)
 Metaspace       used 162601K, committed 163456K, reserved 1245184K
  class space    used 21340K, committed 21760K, reserved 1048576K
}
Event: 3358.494 GC heap after
{Heap after GC invocations=64 (full 0):
 garbage-first heap   total 892928K, used 426098K [0x0000000700000000, 0x0000000800000000)
  region size 2048K, 8 young (16384K), 8 survivors (16384K)
 Metaspace       used 162601K, committed 163456K, reserved 1245184K
  class space    used 21340K, committed 21760K, reserved 1048576K
}
Event: 3359.381 GC heap before
{Heap before GC invocations=64 (full 0):
 garbage-first heap   total 892928K, used 690290K [0x0000000700000000, 0x0000000800000000)
  region size 2048K, 137 young (280576K), 8 survivors (16384K)
 Metaspace       used 162643K, committed 163520K, reserved 1245184K
  class space    used 21340K, committed 21760K, reserved 1048576K
}
Event: 3359.393 GC heap after
{Heap after GC invocations=65 (full 0):
 garbage-first heap   total 892928K, used 430118K [0x0000000700000000, 0x0000000800000000)
  region size 2048K, 10 young (20480K), 10 survivors (20480K)
 Metaspace       used 162643K, committed 163520K, reserved 1245184K
  class space    used 21340K, committed 21760K, reserved 1048576K
}
Event: 3359.812 GC heap before
{Heap before GC invocations=65 (full 0):
 garbage-first heap   total 892928K, used 710694K [0x0000000700000000, 0x0000000800000000)
  region size 2048K, 145 young (296960K), 10 survivors (20480K)
 Metaspace       used 162695K, committed 163520K, reserved 1245184K
  class space    used 21344K, committed 21760K, reserved 1048576K
}
Event: 3359.833 GC heap after
{Heap after GC invocations=66 (full 0):
 garbage-first heap   total 892928K, used 458905K [0x0000000700000000, 0x0000000800000000)
  region size 2048K, 19 young (38912K), 19 survivors (38912K)
 Metaspace       used 162695K, committed 163520K, reserved 1245184K
  class space    used 21344K, committed 21760K, reserved 1048576K
}
Event: 3360.031 GC heap before
{Heap before GC invocations=66 (full 0):
 garbage-first heap   total 892928K, used 710809K [0x0000000700000000, 0x0000000800000000)
  region size 2048K, 143 young (292864K), 19 survivors (38912K)
 Metaspace       used 162702K, committed 163520K, reserved 1245184K
  class space    used 21344K, committed 21760K, reserved 1048576K
}
Event: 3360.059 GC heap after
{Heap after GC invocations=67 (full 0):
 garbage-first heap   total 892928K, used 460928K [0x0000000700000000, 0x0000000800000000)
  region size 2048K, 3 young (6144K), 3 survivors (6144K)
 Metaspace       used 162702K, committed 163520K, reserved 1245184K
  class space    used 21344K, committed 21760K, reserved 1048576K
}
Event: 3360.281 GC heap before
{Heap before GC invocations=67 (full 0):
 garbage-first heap   total 892928K, used 725120K [0x0000000700000000, 0x0000000800000000)
  region size 2048K, 132 young (270336K), 3 survivors (6144K)
 Metaspace       used 162718K, committed 163648K, reserved 1245184K
  class space    used 21344K, committed 21760K, reserved 1048576K
}
Event: 3360.288 GC heap after
{Heap after GC invocations=68 (full 0):
 garbage-first heap   total 892928K, used 462560K [0x0000000700000000, 0x0000000800000000)
  region size 2048K, 4 young (8192K), 4 survivors (8192K)
 Metaspace       used 162718K, committed 163648K, reserved 1245184K
  class space    used 21344K, committed 21760K, reserved 1048576K
}
Event: 3360.513 GC heap before
{Heap before GC invocations=68 (full 0):
 garbage-first heap   total 892928K, used 734944K [0x0000000700000000, 0x0000000800000000)
  region size 2048K, 138 young (282624K), 4 survivors (8192K)
 Metaspace       used 162747K, committed 163648K, reserved 1245184K
  class space    used 21344K, committed 21760K, reserved 1048576K
}
Event: 3360.523 GC heap after
{Heap after GC invocations=69 (full 0):
 garbage-first heap   total 892928K, used 470315K [0x0000000700000000, 0x0000000800000000)
  region size 2048K, 8 young (16384K), 8 survivors (16384K)
 Metaspace       used 162747K, committed 163648K, reserved 1245184K
  class space    used 21344K, committed 21760K, reserved 1048576K
}
Event: 3360.927 GC heap before
{Heap before GC invocations=69 (full 0):
 garbage-first heap   total 892928K, used 740651K [0x0000000700000000, 0x0000000800000000)
  region size 2048K, 141 young (288768K), 8 survivors (16384K)
 Metaspace       used 162766K, committed 163648K, reserved 1245184K
  class space    used 21344K, committed 21760K, reserved 1048576K
}
Event: 3360.938 GC heap after
{Heap after GC invocations=70 (full 0):
 garbage-first heap   total 892928K, used 474865K [0x0000000700000000, 0x0000000800000000)
  region size 2048K, 10 young (20480K), 10 survivors (20480K)
 Metaspace       used 162766K, committed 163648K, reserved 1245184K
  class space    used 21344K, committed 21760K, reserved 1048576K
}
Event: 3432.531 GC heap before
{Heap before GC invocations=70 (full 0):
 garbage-first heap   total 892928K, used 773873K [0x0000000700000000, 0x0000000800000000)
  region size 2048K, 145 young (296960K), 10 survivors (20480K)
 Metaspace       used 167393K, committed 168384K, reserved 1245184K
  class space    used 21790K, committed 22272K, reserved 1048576K
}
Event: 3432.557 GC heap after
{Heap after GC invocations=71 (full 0):
 garbage-first heap   total 892928K, used 522292K [0x0000000700000000, 0x0000000800000000)
  region size 2048K, 19 young (38912K), 19 survivors (38912K)
 Metaspace       used 167393K, committed 168384K, reserved 1245184K
  class space    used 21790K, committed 22272K, reserved 1048576K
}
Event: 3433.551 GC heap before
{Heap before GC invocations=71 (full 0):
 garbage-first heap   total 892928K, used 725044K [0x0000000700000000, 0x0000000800000000)
  region size 2048K, 119 young (243712K), 19 survivors (38912K)
 Metaspace       used 172413K, committed 173376K, reserved 1245184K
  class space    used 22443K, committed 22912K, reserved 1048576K
}
Event: 3433.596 GC heap after
{Heap after GC invocations=72 (full 0):
 garbage-first heap   total 892928K, used 608669K [0x0000000700000000, 0x0000000800000000)
  region size 2048K, 15 young (30720K), 15 survivors (30720K)
 Metaspace       used 172413K, committed 173376K, reserved 1245184K
  class space    used 22443K, committed 22912K, reserved 1048576K
}
Event: 3433.763 GC heap before
{Heap before GC invocations=72 (full 0):
 garbage-first heap   total 892928K, used 704925K [0x0000000700000000, 0x0000000800000000)
  region size 2048K, 62 young (126976K), 15 survivors (30720K)
 Metaspace       used 172431K, committed 173440K, reserved 1245184K
  class space    used 22443K, committed 22912K, reserved 1048576K
}

