# JRE version: OpenJDK Runtime Environment (17.0.10) (build 17.0.10+0--11609105)
# Java VM: OpenJDK 64-Bit Server VM (17.0.10+0--11609105, mixed mode, tiered, compressed oops, compressed class ptrs, g1 gc, windows-amd64)
GC Precious Log:
 CPUs: 16 total, 16 available
 Memory: 16077M
 Large Page Support: Disabled
 NUMA Support: Disabled
 Compressed Oops: Enabled (Zero based)
 Heap Region Size: 2M
 Heap Min Capacity: 8M
 Heap Initial Capacity: 252M
 Heap Max Capacity: 4G
 Pre-touch: Disabled
 Parallel Workers: 13
 Concurrent Workers: 3
 Concurrent Refinement Workers: 13
 Periodic GC: Disabled
Heap:
 garbage-first heap   total 825344K, used 293183K [0x0000000700000000, 0x0000000800000000)
  region size 2048K, 3 young (6144K), 3 survivors (6144K)
 Metaspace       used 161480K, committed 162432K, reserved 1245184K
  class space    used 20974K, committed 21440K, reserved 1048576K
GC Heap History (20 events):
Event: 1911.190 GC heap after
{Heap after GC invocations=70 (full 0):
 garbage-first heap   total 825344K, used 241088K [0x0000000700000000, 0x0000000800000000)
  region size 2048K, 1 young (2048K), 1 survivors (2048K)
 Metaspace       used 160087K, committed 161280K, reserved 1245184K
  class space    used 20941K, committed 21440K, reserved 1048576K
}
Event: 1911.436 GC heap before
{Heap before GC invocations=70 (full 0):
 garbage-first heap   total 825344K, used 280000K [0x0000000700000000, 0x0000000800000000)
  region size 2048K, 20 young (40960K), 1 survivors (2048K)
 Metaspace       used 160090K, committed 161280K, reserved 1245184K
  class space    used 20941K, committed 21440K, reserved 1048576K
}
Event: 1911.442 GC heap after
{Heap after GC invocations=71 (full 0):
 garbage-first heap   total 825344K, used 236745K [0x0000000700000000, 0x0000000800000000)
  region size 2048K, 2 young (4096K), 2 survivors (4096K)
 Metaspace       used 160090K, committed 161280K, reserved 1245184K
  class space    used 20941K, committed 21440K, reserved 1048576K
}
Event: 2371.595 GC heap before
{Heap before GC invocations=71 (full 0):
 garbage-first heap   total 825344K, used 648393K [0x0000000700000000, 0x0000000800000000)
  region size 2048K, 193 young (395264K), 2 survivors (4096K)
 Metaspace       used 161038K, committed 161984K, reserved 1245184K
  class space    used 20969K, committed 21440K, reserved 1048576K
}
Event: 2371.607 GC heap after
{Heap after GC invocations=72 (full 0):
 garbage-first heap   total 825344K, used 252083K [0x0000000700000000, 0x0000000800000000)
  region size 2048K, 7 young (14336K), 7 survivors (14336K)
 Metaspace       used 161038K, committed 161984K, reserved 1245184K
  class space    used 20969K, committed 21440K, reserved 1048576K
}
Event: 2372.238 GC heap before
{Heap before GC invocations=72 (full 0):
 garbage-first heap   total 825344K, used 426163K [0x0000000700000000, 0x0000000800000000)
  region size 2048K, 94 young (192512K), 7 survivors (14336K)
 Metaspace       used 161104K, committed 162048K, reserved 1245184K
  class space    used 20970K, committed 21440K, reserved 1048576K
}
Event: 2372.275 GC heap after
{Heap after GC invocations=73 (full 0):
 garbage-first heap   total 825344K, used 294815K [0x0000000700000000, 0x0000000800000000)
  region size 2048K, 25 young (51200K), 25 survivors (51200K)
 Metaspace       used 161104K, committed 162048K, reserved 1245184K
  class space    used 20970K, committed 21440K, reserved 1048576K
}
Event: 2374.631 GC heap before
{Heap before GC invocations=74 (full 0):
 garbage-first heap   total 825344K, used 589727K [0x0000000700000000, 0x0000000800000000)
  region size 2048K, 173 young (354304K), 25 survivors (51200K)
 Metaspace       used 156560K, committed 157504K, reserved 1245184K
  class space    used 20342K, committed 20800K, reserved 1048576K
}
Event: 2374.672 GC heap after
{Heap after GC invocations=75 (full 0):
 garbage-first heap   total 825344K, used 312082K [0x0000000700000000, 0x0000000800000000)
  region size 2048K, 22 young (45056K), 22 survivors (45056K)
 Metaspace       used 156560K, committed 157504K, reserved 1245184K
  class space    used 20342K, committed 20800K, reserved 1048576K
}
Event: 2374.677 GC heap before
{Heap before GC invocations=75 (full 0):
 garbage-first heap   total 825344K, used 314130K [0x0000000700000000, 0x0000000800000000)
  region size 2048K, 23 young (47104K), 22 survivors (45056K)
 Metaspace       used 156560K, committed 157504K, reserved 1245184K
  class space    used 20342K, committed 20800K, reserved 1048576K
}
Event: 2374.696 GC heap after
{Heap after GC invocations=76 (full 0):
 garbage-first heap   total 825344K, used 300820K [0x0000000700000000, 0x0000000800000000)
  region size 2048K, 3 young (6144K), 3 survivors (6144K)
 Metaspace       used 156560K, committed 157504K, reserved 1245184K
  class space    used 20342K, committed 20800K, reserved 1048576K
}
Event: 2375.588 GC heap before
{Heap before GC invocations=76 (full 0):
 garbage-first heap   total 825344K, used 577300K [0x0000000700000000, 0x0000000800000000)
  region size 2048K, 138 young (282624K), 3 survivors (6144K)
 Metaspace       used 161525K, committed 162432K, reserved 1245184K
  class space    used 20993K, committed 21440K, reserved 1048576K
}
Event: 2375.623 GC heap after
{Heap after GC invocations=77 (full 0):
 garbage-first heap   total 825344K, used 392980K [0x0000000700000000, 0x0000000800000000)
  region size 2048K, 18 young (36864K), 18 survivors (36864K)
 Metaspace       used 161525K, committed 162432K, reserved 1245184K
  class space    used 20993K, committed 21440K, reserved 1048576K
}
Event: 2376.181 GC heap before
{Heap before GC invocations=77 (full 0):
 garbage-first heap   total 825344K, used 573204K [0x0000000700000000, 0x0000000800000000)
  region size 2048K, 106 young (217088K), 18 survivors (36864K)
 Metaspace       used 161552K, committed 162496K, reserved 1245184K
  class space    used 20993K, committed 21440K, reserved 1048576K
}
Event: 2376.198 GC heap after
{Heap after GC invocations=78 (full 0):
 garbage-first heap   total 825344K, used 409154K [0x0000000700000000, 0x0000000800000000)
  region size 2048K, 10 young (20480K), 10 survivors (20480K)
 Metaspace       used 161552K, committed 162496K, reserved 1245184K
  class space    used 20993K, committed 21440K, reserved 1048576K
}
Event: 2377.029 GC heap before
{Heap before GC invocations=79 (full 0):
 garbage-first heap   total 825344K, used 532034K [0x0000000700000000, 0x0000000800000000)
  region size 2048K, 100 young (204800K), 10 survivors (20480K)
 Metaspace       used 161293K, committed 162304K, reserved 1245184K
  class space    used 20971K, committed 21440K, reserved 1048576K
}
Event: 2377.042 GC heap after
{Heap after GC invocations=80 (full 0):
 garbage-first heap   total 825344K, used 351022K [0x0000000700000000, 0x0000000800000000)
  region size 2048K, 3 young (6144K), 3 survivors (6144K)
 Metaspace       used 161293K, committed 162304K, reserved 1245184K
  class space    used 20971K, committed 21440K, reserved 1048576K
}
Event: 2377.193 GC heap before
{Heap before GC invocations=80 (full 0):
 garbage-first heap   total 825344K, used 385838K [0x0000000700000000, 0x0000000800000000)
  region size 2048K, 20 young (40960K), 3 survivors (6144K)
 Metaspace       used 161301K, committed 162304K, reserved 1245184K
  class space    used 20972K, committed 21440K, reserved 1048576K
}
Event: 2377.207 GC heap after
{Heap after GC invocations=81 (full 0):
 garbage-first heap   total 825344K, used 283991K [0x0000000700000000, 0x0000000800000000)
  region size 2048K, 1 young (2048K), 1 survivors (2048K)
 Metaspace       used 161301K, committed 162304K, reserved 1245184K
  class space    used 20972K, committed 21440K, reserved 1048576K
}
Event: 2377.987 GC heap before
{Heap before GC invocations=81 (full 0):
 garbage-first heap   total 825344K, used 505175K [0x0000000700000000, 0x0000000800000000)
  region size 2048K, 108 young (221184K), 1 survivors (2048K)
 Metaspace       used 161480K, committed 162432K, reserved 1245184K
  class space    used 20974K, committed 21440K, reserved 1048576K
}

