# JRE version: OpenJDK Runtime Environment (17.0.10) (build 17.0.10+0--11609105)
# Java VM: OpenJDK 64-Bit Server VM (17.0.10+0--11609105, mixed mode, tiered, compressed oops, compressed class ptrs, g1 gc, windows-amd64)
GC Precious Log:
 CPUs: 16 total, 16 available
 Memory: 16077M
 Large Page Support: Disabled
 NUMA Support: Disabled
 Compressed Oops: Enabled (Zero based)
 Heap Region Size: 2M
 Heap Min Capacity: 8M
 Heap Initial Capacity: 252M
 Heap Max Capacity: 4G
 Pre-touch: Disabled
 Parallel Workers: 13
 Concurrent Workers: 3
 Concurrent Refinement Workers: 13
 Periodic GC: Disabled
Heap:
 garbage-first heap   total 911360K, used 220085K [0x0000000700000000, 0x0000000800000000)
  region size 2048K, 4 young (8192K), 4 survivors (8192K)
 Metaspace       used 145690K, committed 146496K, reserved 1179648K
  class space    used 19580K, committed 19968K, reserved 1048576K
GC Heap History (20 events):
Event: 5048.281 GC heap after
{Heap after GC invocations=56 (full 0):
 garbage-first heap   total 421888K, used 122548K [0x0000000700000000, 0x0000000800000000)
  region size 2048K, 2 young (4096K), 2 survivors (4096K)
 Metaspace       used 137840K, committed 138688K, reserved 1179648K
  class space    used 18795K, committed 19200K, reserved 1048576K
}
Event: 5048.388 GC heap before
{Heap before GC invocations=56 (full 0):
 garbage-first heap   total 421888K, used 138932K [0x0000000700000000, 0x0000000800000000)
  region size 2048K, 11 young (22528K), 2 survivors (4096K)
 Metaspace       used 137966K, committed 138816K, reserved 1179648K
  class space    used 18808K, committed 19200K, reserved 1048576K
}
Event: 5048.394 GC heap after
{Heap after GC invocations=57 (full 0):
 garbage-first heap   total 421888K, used 123936K [0x0000000700000000, 0x0000000800000000)
  region size 2048K, 3 young (6144K), 3 survivors (6144K)
 Metaspace       used 137966K, committed 138816K, reserved 1179648K
  class space    used 18808K, committed 19200K, reserved 1048576K
}
Event: 5049.659 GC heap before
{Heap before GC invocations=58 (full 0):
 garbage-first heap   total 421888K, used 293920K [0x0000000700000000, 0x0000000800000000)
  region size 2048K, 86 young (176128K), 3 survivors (6144K)
 Metaspace       used 141301K, committed 142080K, reserved 1179648K
  class space    used 19219K, committed 19584K, reserved 1048576K
}
Event: 5049.679 GC heap after
{Heap after GC invocations=59 (full 0):
 garbage-first heap   total 421888K, used 159299K [0x0000000700000000, 0x0000000800000000)
  region size 2048K, 11 young (22528K), 11 survivors (22528K)
 Metaspace       used 141301K, committed 142080K, reserved 1179648K
  class space    used 19219K, committed 19584K, reserved 1048576K
}
Event: 5049.687 GC heap before
{Heap before GC invocations=59 (full 0):
 garbage-first heap   total 421888K, used 161347K [0x0000000700000000, 0x0000000800000000)
  region size 2048K, 12 young (24576K), 11 survivors (22528K)
 Metaspace       used 141302K, committed 142080K, reserved 1179648K
  class space    used 19219K, committed 19584K, reserved 1048576K
}
Event: 5049.699 GC heap after
{Heap after GC invocations=60 (full 0):
 garbage-first heap   total 937984K, used 157500K [0x0000000700000000, 0x0000000800000000)
  region size 2048K, 1 young (2048K), 1 survivors (2048K)
 Metaspace       used 141302K, committed 142080K, reserved 1179648K
  class space    used 19219K, committed 19584K, reserved 1048576K
}
Event: 5049.864 GC heap before
{Heap before GC invocations=60 (full 0):
 garbage-first heap   total 937984K, used 180028K [0x0000000700000000, 0x0000000800000000)
  region size 2048K, 14 young (28672K), 1 survivors (2048K)
 Metaspace       used 141323K, committed 142080K, reserved 1179648K
  class space    used 19219K, committed 19584K, reserved 1048576K
}
Event: 5049.874 GC heap after
{Heap after GC invocations=61 (full 0):
 garbage-first heap   total 937984K, used 170613K [0x0000000700000000, 0x0000000800000000)
  region size 2048K, 8 young (16384K), 8 survivors (16384K)
 Metaspace       used 141323K, committed 142080K, reserved 1179648K
  class space    used 19219K, committed 19584K, reserved 1048576K
}
Event: 5054.641 GC heap before
{Heap before GC invocations=62 (full 0):
 garbage-first heap   total 634880K, used 526965K [0x0000000700000000, 0x0000000800000000)
  region size 2048K, 165 young (337920K), 8 survivors (16384K)
 Metaspace       used 140585K, committed 141376K, reserved 1179648K
  class space    used 18980K, committed 19328K, reserved 1048576K
}
Event: 5054.690 GC heap after
{Heap after GC invocations=63 (full 0):
 garbage-first heap   total 634880K, used 243445K [0x0000000700000000, 0x0000000800000000)
  region size 2048K, 28 young (57344K), 28 survivors (57344K)
 Metaspace       used 140585K, committed 141376K, reserved 1179648K
  class space    used 18980K, committed 19328K, reserved 1048576K
}
Event: 5054.700 GC heap before
{Heap before GC invocations=63 (full 0):
 garbage-first heap   total 634880K, used 245493K [0x0000000700000000, 0x0000000800000000)
  region size 2048K, 29 young (59392K), 28 survivors (57344K)
 Metaspace       used 140586K, committed 141376K, reserved 1179648K
  class space    used 18980K, committed 19328K, reserved 1048576K
}
Event: 5054.717 GC heap after
{Heap after GC invocations=64 (full 0):
 garbage-first heap   total 634880K, used 244326K [0x0000000700000000, 0x0000000800000000)
  region size 2048K, 2 young (4096K), 2 survivors (4096K)
 Metaspace       used 140586K, committed 141376K, reserved 1179648K
  class space    used 18980K, committed 19328K, reserved 1048576K
}
Event: 5055.757 GC heap before
{Heap before GC invocations=64 (full 0):
 garbage-first heap   total 634880K, used 432742K [0x0000000700000000, 0x0000000800000000)
  region size 2048K, 94 young (192512K), 2 survivors (4096K)
 Metaspace       used 145082K, committed 145920K, reserved 1179648K
  class space    used 19570K, committed 19968K, reserved 1048576K
}
Event: 5055.779 GC heap after
{Heap after GC invocations=65 (full 0):
 garbage-first heap   total 634880K, used 301056K [0x0000000700000000, 0x0000000800000000)
  region size 2048K, 12 young (24576K), 12 survivors (24576K)
 Metaspace       used 145082K, committed 145920K, reserved 1179648K
  class space    used 19570K, committed 19968K, reserved 1048576K
}
Event: 5056.121 GC heap before
{Heap before GC invocations=66 (full 0):
 garbage-first heap   total 634880K, used 399360K [0x0000000700000000, 0x0000000800000000)
  region size 2048K, 84 young (172032K), 12 survivors (24576K)
 Metaspace       used 145096K, committed 145920K, reserved 1179648K
  class space    used 19570K, committed 19968K, reserved 1048576K
}
Event: 5056.129 GC heap after
{Heap after GC invocations=67 (full 0):
 garbage-first heap   total 634880K, used 250443K [0x0000000700000000, 0x0000000800000000)
  region size 2048K, 3 young (6144K), 3 survivors (6144K)
 Metaspace       used 145096K, committed 145920K, reserved 1179648K
  class space    used 19570K, committed 19968K, reserved 1048576K
}
Event: 5056.318 GC heap before
{Heap before GC invocations=67 (full 0):
 garbage-first heap   total 634880K, used 275019K [0x0000000700000000, 0x0000000800000000)
  region size 2048K, 15 young (30720K), 3 survivors (6144K)
 Metaspace       used 145267K, committed 146112K, reserved 1179648K
  class space    used 19574K, committed 19968K, reserved 1048576K
}
Event: 5056.328 GC heap after
{Heap after GC invocations=68 (full 0):
 garbage-first heap   total 634880K, used 214887K [0x0000000700000000, 0x0000000800000000)
  region size 2048K, 1 young (2048K), 1 survivors (2048K)
 Metaspace       used 145267K, committed 146112K, reserved 1179648K
  class space    used 19574K, committed 19968K, reserved 1048576K
}
Event: 5058.043 GC heap before
{Heap before GC invocations=68 (full 0):
 garbage-first heap   total 634880K, used 440167K [0x0000000700000000, 0x0000000800000000)
  region size 2048K, 111 young (227328K), 1 survivors (2048K)
 Metaspace       used 145690K, committed 146496K, reserved 1179648K
  class space    used 19580K, committed 19968K, reserved 1048576K
}

