# JRE version: OpenJDK Runtime Environment (17.0.10) (build 17.0.10+0--11609105)
# Java VM: OpenJDK 64-Bit Server VM (17.0.10+0--11609105, mixed mode, tiered, compressed oops, compressed class ptrs, g1 gc, windows-amd64)
GC Precious Log:
 CPUs: 16 total, 16 available
 Memory: 16077M
 Large Page Support: Disabled
 NUMA Support: Disabled
 Compressed Oops: Enabled (Zero based)
 Heap Region Size: 2M
 Heap Min Capacity: 8M
 Heap Initial Capacity: 252M
 Heap Max Capacity: 4G
 Pre-touch: Disabled
 Parallel Workers: 13
 Concurrent Workers: 3
 Concurrent Refinement Workers: 13
 Periodic GC: Disabled
Heap:
 garbage-first heap   total 1054720K, used 555832K [0x0000000700000000, 0x0000000800000000)
  region size 2048K, 2 young (4096K), 2 survivors (4096K)
 Metaspace       used 155561K, committed 156864K, reserved 1245184K
  class space    used 19736K, committed 20288K, reserved 1048576K
GC Heap History (20 events):
Event: 588.169 GC heap after
{Heap after GC invocations=73 (full 0):
 garbage-first heap   total 976896K, used 701691K [0x0000000700000000, 0x0000000800000000)
  region size 2048K, 10 young (20480K), 10 survivors (20480K)
 Metaspace       used 146978K, committed 147904K, reserved 1179648K
  class space    used 18754K, committed 19200K, reserved 1048576K
}
Event: 590.152 GC heap before
{Heap before GC invocations=73 (full 0):
 garbage-first heap   total 976896K, used 849147K [0x0000000700000000, 0x0000000800000000)
  region size 2048K, 65 young (133120K), 10 survivors (20480K)
 Metaspace       used 147169K, committed 148160K, reserved 1179648K
  class space    used 18772K, committed 19264K, reserved 1048576K
}
Event: 590.162 GC heap after
{Heap after GC invocations=74 (full 0):
 garbage-first heap   total 976896K, used 706869K [0x0000000700000000, 0x0000000800000000)
  region size 2048K, 8 young (16384K), 8 survivors (16384K)
 Metaspace       used 147169K, committed 148160K, reserved 1179648K
  class space    used 18772K, committed 19264K, reserved 1048576K
}
Event: 590.966 GC heap before
{Heap before GC invocations=74 (full 0):
 garbage-first heap   total 976896K, used 821557K [0x0000000700000000, 0x0000000800000000)
  region size 2048K, 63 young (129024K), 8 survivors (16384K)
 Metaspace       used 148620K, committed 149632K, reserved 1179648K
  class space    used 18891K, committed 19392K, reserved 1048576K
}
Event: 590.981 GC heap after
{Heap after GC invocations=75 (full 0):
 garbage-first heap   total 976896K, used 728966K [0x0000000700000000, 0x0000000800000000)
  region size 2048K, 8 young (16384K), 8 survivors (16384K)
 Metaspace       used 148620K, committed 149632K, reserved 1179648K
  class space    used 18891K, committed 19392K, reserved 1048576K
}
Event: 591.392 GC heap before
{Heap before GC invocations=75 (full 0):
 garbage-first heap   total 976896K, used 825222K [0x0000000700000000, 0x0000000800000000)
  region size 2048K, 55 young (112640K), 8 survivors (16384K)
 Metaspace       used 153654K, committed 154624K, reserved 1245184K
  class space    used 19492K, committed 19968K, reserved 1048576K
}
Event: 591.426 GC heap after
{Heap after GC invocations=76 (full 0):
 garbage-first heap   total 976896K, used 778890K [0x0000000700000000, 0x0000000800000000)
  region size 2048K, 7 young (14336K), 7 survivors (14336K)
 Metaspace       used 153654K, committed 154624K, reserved 1245184K
  class space    used 19492K, committed 19968K, reserved 1048576K
}
Event: 591.854 GC heap before
{Heap before GC invocations=76 (full 0):
 garbage-first heap   total 976896K, used 830090K [0x0000000700000000, 0x0000000800000000)
  region size 2048K, 32 young (65536K), 7 survivors (14336K)
 Metaspace       used 156394K, committed 157312K, reserved 1245184K
  class space    used 19813K, committed 20288K, reserved 1048576K
}
Event: 591.862 GC heap after
{Heap after GC invocations=77 (full 0):
 garbage-first heap   total 976896K, used 786552K [0x0000000700000000, 0x0000000800000000)
  region size 2048K, 3 young (6144K), 3 survivors (6144K)
 Metaspace       used 156394K, committed 157312K, reserved 1245184K
  class space    used 19813K, committed 20288K, reserved 1048576K
}
Event: 591.945 GC heap before
{Heap before GC invocations=77 (full 0):
 garbage-first heap   total 976896K, used 837752K [0x0000000700000000, 0x0000000800000000)
  region size 2048K, 28 young (57344K), 3 survivors (6144K)
 Metaspace       used 156408K, committed 157376K, reserved 1245184K
  class space    used 19814K, committed 20288K, reserved 1048576K
}
Event: 591.952 GC heap after
{Heap after GC invocations=78 (full 0):
 garbage-first heap   total 976896K, used 793101K [0x0000000700000000, 0x0000000800000000)
  region size 2048K, 4 young (8192K), 4 survivors (8192K)
 Metaspace       used 156408K, committed 157376K, reserved 1245184K
  class space    used 19814K, committed 20288K, reserved 1048576K
}
Event: 592.022 GC heap before
{Heap before GC invocations=78 (full 0):
 garbage-first heap   total 976896K, used 842253K [0x0000000700000000, 0x0000000800000000)
  region size 2048K, 28 young (57344K), 4 survivors (8192K)
 Metaspace       used 156423K, committed 157376K, reserved 1245184K
  class space    used 19814K, committed 20288K, reserved 1048576K
}
Event: 592.036 GC heap after
{Heap after GC invocations=79 (full 0):
 garbage-first heap   total 976896K, used 835150K [0x0000000700000000, 0x0000000800000000)
  region size 2048K, 4 young (8192K), 4 survivors (8192K)
 Metaspace       used 156423K, committed 157376K, reserved 1245184K
  class space    used 19814K, committed 20288K, reserved 1048576K
}
Event: 592.092 GC heap before
{Heap before GC invocations=79 (full 0):
 garbage-first heap   total 976896K, used 874062K [0x0000000700000000, 0x0000000800000000)
  region size 2048K, 23 young (47104K), 4 survivors (8192K)
 Metaspace       used 156429K, committed 157376K, reserved 1245184K
  class space    used 19814K, committed 20288K, reserved 1048576K
}
Event: 592.102 GC heap after
{Heap after GC invocations=80 (full 0):
 garbage-first heap   total 976896K, used 846783K [0x0000000700000000, 0x0000000800000000)
  region size 2048K, 3 young (6144K), 3 survivors (6144K)
 Metaspace       used 156429K, committed 157376K, reserved 1245184K
  class space    used 19814K, committed 20288K, reserved 1048576K
}
Event: 592.237 GC heap before
{Heap before GC invocations=80 (full 0):
 garbage-first heap   total 1054720K, used 639935K [0x0000000700000000, 0x0000000800000000)
  region size 2048K, 23 young (47104K), 3 survivors (6144K)
 Metaspace       used 155529K, committed 156864K, reserved 1245184K
  class space    used 19736K, committed 20288K, reserved 1048576K
}
Event: 592.247 GC heap after
{Heap after GC invocations=81 (full 0):
 garbage-first heap   total 1054720K, used 625890K [0x0000000700000000, 0x0000000800000000)
  region size 2048K, 3 young (6144K), 3 survivors (6144K)
 Metaspace       used 155529K, committed 156864K, reserved 1245184K
  class space    used 19736K, committed 20288K, reserved 1048576K
}
Event: 592.684 GC heap before
{Heap before GC invocations=82 (full 0):
 garbage-first heap   total 1054720K, used 761058K [0x0000000700000000, 0x0000000800000000)
  region size 2048K, 69 young (141312K), 3 survivors (6144K)
 Metaspace       used 155561K, committed 156864K, reserved 1245184K
  class space    used 19736K, committed 20288K, reserved 1048576K
}
Event: 592.715 GC heap after
{Heap after GC invocations=83 (full 0):
 garbage-first heap   total 1054720K, used 657757K [0x0000000700000000, 0x0000000800000000)
  region size 2048K, 9 young (18432K), 9 survivors (18432K)
 Metaspace       used 155561K, committed 156864K, reserved 1245184K
  class space    used 19736K, committed 20288K, reserved 1048576K
}
Event: 592.850 GC heap before
{Heap before GC invocations=83 (full 0):
 garbage-first heap   total 1054720K, used 690525K [0x0000000700000000, 0x0000000800000000)
  region size 2048K, 25 young (51200K), 9 survivors (18432K)
 Metaspace       used 155561K, committed 156864K, reserved 1245184K
  class space    used 19736K, committed 20288K, reserved 1048576K
}

